# Logfile created on Sun Dec 19 20:27:34 +0100 2010REQUESTING PAGE: GET /posts/new with {} and HTTP headers {}


Processing PostsController#new (for 127.0.0.1 at 2010-12-19 20:37:03) [GET]
Rendering template within layouts/posts
Rendering posts/new
Completed in 61ms (View: 58, DB: 0) | 200 OK [http://www.example.com/posts/new]
REQUESTING PAGE: POST /posts with {"commit"=>"Create", "post"=>{"body"=>"body 1", "title"=>"title 1", "published"=>"0"}} and HTTP headers {"HTTP_REFERER"=>"/posts/new"}


Processing PostsController#create (for 127.0.0.1 at 2010-12-19 20:37:03) [POST]
  Parameters: {"commit"=>"Create", "post"=>{"title"=>"title 1", "body"=>"body 1", "published"=>"0"}}
  [4;36;1mPost Create (15.4ms)[0m   [0;1mINSERT INTO "posts" ("created_at", "title", "body", "published", "updated_at") VALUES('2010-12-19 19:37:03', 'title 1', 'body 1', 'f', '2010-12-19 19:37:03')[0m
Redirected to http://www.example.com/posts/1
Completed in 19ms (DB: 15) | 302 Found [http://www.example.com/posts]
REQUESTING PAGE: GET http://www.example.com/posts/1 with {} and HTTP headers {"HTTP_REFERER"=>"/posts"}


Processing PostsController#show (for 127.0.0.1 at 2010-12-19 20:37:03) [GET]
  Parameters: {"id"=>"1"}
  [4;35;1mPost Load (0.2ms)[0m   [0mSELECT * FROM "posts" WHERE ("posts"."id" = 1) [0m
Rendering template within layouts/posts
Rendering posts/show
Completed in 3ms (View: 1, DB: 0) | 200 OK [http://www.example.com/posts/1]
  [4;36;1mPost Create (0.3ms)[0m   [0;1mINSERT INTO "posts" ("created_at", "title", "body", "published", "updated_at") VALUES('2010-12-19 19:37:03', 'title 1', 'body 1', 'f', '2010-12-19 19:37:03')[0m
  [4;35;1mPost Create (0.1ms)[0m   [0mINSERT INTO "posts" ("created_at", "title", "body", "published", "updated_at") VALUES('2010-12-19 19:37:03', 'title 2', 'body 2', 't', '2010-12-19 19:37:03')[0m
  [4;36;1mPost Create (0.1ms)[0m   [0;1mINSERT INTO "posts" ("created_at", "title", "body", "published", "updated_at") VALUES('2010-12-19 19:37:03', 'title 3', 'body 3', 'f', '2010-12-19 19:37:03')[0m
  [4;35;1mPost Create (0.1ms)[0m   [0mINSERT INTO "posts" ("created_at", "title", "body", "published", "updated_at") VALUES('2010-12-19 19:37:03', 'title 4', 'body 4', 't', '2010-12-19 19:37:03')[0m
REQUESTING PAGE: GET /posts with {} and HTTP headers {}


Processing PostsController#index (for 127.0.0.1 at 2010-12-19 20:37:03) [GET]
  [4;36;1mPost Load (0.3ms)[0m   [0;1mSELECT * FROM "posts" [0m
Rendering template within layouts/posts
Rendering posts/index
Completed in 9ms (View: 8, DB: 1) | 200 OK [http://www.example.com/posts]
REQUESTING PAGE: DELETE /posts/3 with {} and HTTP headers {"HTTP_REFERER"=>"/posts"}


Processing PostsController#destroy (for 127.0.0.1 at 2010-12-19 20:37:03) [DELETE]
  Parameters: {"id"=>"3"}
  [4;35;1mPost Load (0.2ms)[0m   [0mSELECT * FROM "posts" WHERE ("posts"."id" = 3) [0m
  [4;36;1mPost Destroy (0.0ms)[0m   [0;1mDELETE FROM "posts" WHERE "id" = 3[0m
Redirected to http://www.example.com/posts
Completed in 2ms (DB: 0) | 302 Found [http://www.example.com/posts/3]
REQUESTING PAGE: GET http://www.example.com/posts with {} and HTTP headers {"HTTP_REFERER"=>"/posts/3"}


Processing PostsController#index (for 127.0.0.1 at 2010-12-19 20:37:03) [GET]
  [4;35;1mPost Load (0.2ms)[0m   [0mSELECT * FROM "posts" [0m
Rendering template within layouts/posts
Rendering posts/index
Completed in 7ms (View: 6, DB: 0) | 200 OK [http://www.example.com/posts]
